<?xml version="1.0" encoding="UTF-8"?>
<!-- Generated by org.testng.reporters.JUnitReportReporter -->
<testsuite hostname="DESKTOP-4H86CTH" failures="0" tests="1" name="com.runner.LogoutRunner" time="0.001" errors="0" timestamp="2023-01-10T19:40:41 EST" skipped="0">
  <testcase classname="com.runner.LogoutRunner" name="getLogout" time="0.001"/>
  <system-out/>
</testsuite> <!-- com.runner.LogoutRunner -->
