<?xml version="1.0" encoding="UTF-8"?>
<!-- Generated by org.testng.reporters.JUnitReportReporter -->
<testsuite hostname="DESKTOP-4H86CTH" failures="0" tests="2" name="com.runner.LoginRunner" time="0.059" errors="0" timestamp="2023-01-10T19:40:41 EST" skipped="0">
  <testcase classname="com.runner.LoginRunner" name="runScenario" time="0.059"/>
  <system-out/>
  <testcase classname="com.runner.LoginRunner" name="getLogin" time="0.000"/>
  <system-out/>
</testsuite> <!-- com.runner.LoginRunner -->
